# JRE version: OpenJDK Runtime Environment (21.0+35) (build 21+35-2513)
# Java VM: OpenJDK 64-Bit Server VM (21+35-2513, mixed mode, emulated-client, sharing, tiered, compressed oops, compressed class ptrs, g1 gc, windows-amd64)
GC Precious Log:
 CardTable entry size: 512
 Card Set container configuration: InlinePtr #cards 4 size 8 Array Of Cards #cards 16 size 48 Howl #buckets 8 coarsen threshold 3686 Howl Bitmap #cards 512 size 80 coarsen threshold 460 Card regions per heap region 1 cards per card region 4096
 CPUs: 8 total, 8 available
 Memory: 12119M
 Large Page Support: Disabled
 NUMA Support: Disabled
 Compressed Oops: Enabled (Zero based)
 Heap Region Size: 2M
 Heap Min Capacity: 8M
 Heap Initial Capacity: 190M
 Heap Max Capacity: 3030M
 Pre-touch: Disabled
 Parallel Workers: 8
 Concurrent Workers: 2
 Concurrent Refinement Workers: 8
 Periodic GC: Disabled
Heap:
 garbage-first heap   total 73728K, used 23879K [0x0000000742a00000, 0x0000000800000000)
  region size 2048K, 1 young (2048K), 0 survivors (0K)
 Metaspace       used 65546K, committed 66240K, reserved 1114112K
  class space    used 9299K, committed 9600K, reserved 1048576K
GC Heap History (20 events):
Event: 635.627 GC heap before
{Heap before GC invocations=26 (full 4):
 garbage-first heap   total 73728K, used 41968K [0x0000000742a00000, 0x0000000800000000)
  region size 2048K, 10 young (20480K), 3 survivors (6144K)
 Metaspace       used 64345K, committed 65088K, reserved 1114112K
  class space    used 9180K, committed 9536K, reserved 1048576K
}
Event: 635.713 GC heap after
{Heap after GC invocations=27 (full 5):
 garbage-first heap   total 73728K, used 23430K [0x0000000742a00000, 0x0000000800000000)
  region size 2048K, 0 young (0K), 0 survivors (0K)
 Metaspace       used 64323K, committed 65088K, reserved 1114112K
  class space    used 9174K, committed 9536K, reserved 1048576K
}
Event: 636.348 GC heap before
{Heap before GC invocations=27 (full 5):
 garbage-first heap   total 73728K, used 60294K [0x0000000742a00000, 0x0000000800000000)
  region size 2048K, 18 young (36864K), 0 survivors (0K)
 Metaspace       used 64411K, committed 65152K, reserved 1114112K
  class space    used 9188K, committed 9536K, reserved 1048576K
}
Event: 636.352 GC heap after
{Heap after GC invocations=28 (full 5):
 garbage-first heap   total 73728K, used 26720K [0x0000000742a00000, 0x0000000800000000)
  region size 2048K, 2 young (4096K), 2 survivors (4096K)
 Metaspace       used 64411K, committed 65152K, reserved 1114112K
  class space    used 9188K, committed 9536K, reserved 1048576K
}
Event: 636.859 GC heap before
{Heap before GC invocations=28 (full 5):
 garbage-first heap   total 73728K, used 59488K [0x0000000742a00000, 0x0000000800000000)
  region size 2048K, 18 young (36864K), 2 survivors (4096K)
 Metaspace       used 64653K, committed 65408K, reserved 1114112K
  class space    used 9211K, committed 9600K, reserved 1048576K
}
Event: 636.865 GC heap after
{Heap after GC invocations=29 (full 5):
 garbage-first heap   total 73728K, used 29485K [0x0000000742a00000, 0x0000000800000000)
  region size 2048K, 3 young (6144K), 3 survivors (6144K)
 Metaspace       used 64653K, committed 65408K, reserved 1114112K
  class space    used 9211K, committed 9600K, reserved 1048576K
}
Event: 738.137 GC heap before
{Heap before GC invocations=29 (full 5):
 garbage-first heap   total 73728K, used 43821K [0x0000000742a00000, 0x0000000800000000)
  region size 2048K, 11 young (22528K), 3 survivors (6144K)
 Metaspace       used 64741K, committed 65472K, reserved 1114112K
  class space    used 9216K, committed 9600K, reserved 1048576K
}
Event: 738.247 GC heap after
{Heap after GC invocations=30 (full 6):
 garbage-first heap   total 73728K, used 23535K [0x0000000742a00000, 0x0000000800000000)
  region size 2048K, 0 young (0K), 0 survivors (0K)
 Metaspace       used 64738K, committed 65472K, reserved 1114112K
  class space    used 9216K, committed 9600K, reserved 1048576K
}
Event: 739.020 GC heap before
{Heap before GC invocations=30 (full 6):
 garbage-first heap   total 73728K, used 60399K [0x0000000742a00000, 0x0000000800000000)
  region size 2048K, 18 young (36864K), 0 survivors (0K)
 Metaspace       used 64820K, committed 65536K, reserved 1114112K
  class space    used 9228K, committed 9600K, reserved 1048576K
}
Event: 739.024 GC heap after
{Heap after GC invocations=31 (full 6):
 garbage-first heap   total 73728K, used 27076K [0x0000000742a00000, 0x0000000800000000)
  region size 2048K, 2 young (4096K), 2 survivors (4096K)
 Metaspace       used 64820K, committed 65536K, reserved 1114112K
  class space    used 9228K, committed 9600K, reserved 1048576K
}
Event: 739.749 GC heap before
{Heap before GC invocations=31 (full 6):
 garbage-first heap   total 73728K, used 57796K [0x0000000742a00000, 0x0000000800000000)
  region size 2048K, 18 young (36864K), 2 survivors (4096K)
 Metaspace       used 65055K, committed 65792K, reserved 1114112K
  class space    used 9250K, committed 9600K, reserved 1048576K
}
Event: 739.755 GC heap after
{Heap after GC invocations=32 (full 6):
 garbage-first heap   total 73728K, used 29679K [0x0000000742a00000, 0x0000000800000000)
  region size 2048K, 3 young (6144K), 3 survivors (6144K)
 Metaspace       used 65055K, committed 65792K, reserved 1114112K
  class space    used 9250K, committed 9600K, reserved 1048576K
}
Event: 741.447 GC heap before
{Heap before GC invocations=32 (full 6):
 garbage-first heap   total 73728K, used 39919K [0x0000000742a00000, 0x0000000800000000)
  region size 2048K, 9 young (18432K), 3 survivors (6144K)
 Metaspace       used 65142K, committed 65856K, reserved 1114112K
  class space    used 9255K, committed 9600K, reserved 1048576K
}
Event: 741.564 GC heap after
{Heap after GC invocations=33 (full 7):
 garbage-first heap   total 73728K, used 23641K [0x0000000742a00000, 0x0000000800000000)
  region size 2048K, 0 young (0K), 0 survivors (0K)
 Metaspace       used 65139K, committed 65856K, reserved 1114112K
  class space    used 9255K, committed 9600K, reserved 1048576K
}
Event: 742.203 GC heap before
{Heap before GC invocations=33 (full 7):
 garbage-first heap   total 73728K, used 60505K [0x0000000742a00000, 0x0000000800000000)
  region size 2048K, 18 young (36864K), 0 survivors (0K)
 Metaspace       used 65223K, committed 65920K, reserved 1114112K
  class space    used 9269K, committed 9600K, reserved 1048576K
}
Event: 742.207 GC heap after
{Heap after GC invocations=34 (full 7):
 garbage-first heap   total 73728K, used 27034K [0x0000000742a00000, 0x0000000800000000)
  region size 2048K, 2 young (4096K), 2 survivors (4096K)
 Metaspace       used 65223K, committed 65920K, reserved 1114112K
  class space    used 9269K, committed 9600K, reserved 1048576K
}
Event: 742.886 GC heap before
{Heap before GC invocations=34 (full 7):
 garbage-first heap   total 73728K, used 57754K [0x0000000742a00000, 0x0000000800000000)
  region size 2048K, 18 young (36864K), 2 survivors (4096K)
 Metaspace       used 65460K, committed 66112K, reserved 1114112K
  class space    used 9294K, committed 9600K, reserved 1048576K
}
Event: 742.891 GC heap after
{Heap after GC invocations=35 (full 7):
 garbage-first heap   total 73728K, used 29648K [0x0000000742a00000, 0x0000000800000000)
  region size 2048K, 3 young (6144K), 3 survivors (6144K)
 Metaspace       used 65460K, committed 66112K, reserved 1114112K
  class space    used 9294K, committed 9600K, reserved 1048576K
}
Event: 850.237 GC heap before
{Heap before GC invocations=35 (full 7):
 garbage-first heap   total 73728K, used 43984K [0x0000000742a00000, 0x0000000800000000)
  region size 2048K, 11 young (22528K), 3 survivors (6144K)
 Metaspace       used 65547K, committed 66240K, reserved 1114112K
  class space    used 9299K, committed 9600K, reserved 1048576K
}
Event: 850.351 GC heap after
{Heap after GC invocations=36 (full 8):
 garbage-first heap   total 73728K, used 23879K [0x0000000742a00000, 0x0000000800000000)
  region size 2048K, 0 young (0K), 0 survivors (0K)
 Metaspace       used 65544K, committed 66240K, reserved 1114112K
  class space    used 9299K, committed 9600K, reserved 1048576K
}

